<?xml version="1.0" encoding="UTF-8"?>
<testng-results ignored="0" total="6" passed="6" failed="0" skipped="0">
  <reporter-output>
  </reporter-output>
  <suite started-at="2021-02-11T13:05:10 CET" name="Suite" finished-at="2021-02-11T13:05:10 CET" duration-ms="82">
    <groups>
    </groups>
    <test started-at="2021-02-11T13:05:10 CET" name="Test" finished-at="2021-02-11T13:05:10 CET" duration-ms="82">
      <class name="qaclickacademy.AppiumTest">
        <test-method signature="IOSApps()[pri:0, instance:qaclickacademy.AppiumTest@26b3fd41]" started-at="2021-02-11T13:05:10 CET" name="IOSApps" finished-at="2021-02-11T13:05:10 CET" duration-ms="0" status="PASS">
          <reporter-output>
          </reporter-output>
        </test-method> <!-- IOSApps -->
        <test-method signature="NativeAPpAndroid()[pri:0, instance:qaclickacademy.AppiumTest@26b3fd41]" started-at="2021-02-11T13:05:10 CET" name="NativeAPpAndroid" finished-at="2021-02-11T13:05:10 CET" duration-ms="1" status="PASS">
          <reporter-output>
          </reporter-output>
        </test-method> <!-- NativeAPpAndroid -->
      </class> <!-- qaclickacademy.AppiumTest -->
      <class name="qaclickacademy.RESTAPITest">
        <test-method signature="deleteTwitter()[pri:0, instance:qaclickacademy.RESTAPITest@192c3f1e]" started-at="2021-02-11T13:05:10 CET" name="deleteTwitter" finished-at="2021-02-11T13:05:10 CET" duration-ms="0" status="PASS">
          <reporter-output>
          </reporter-output>
        </test-method> <!-- deleteTwitter -->
        <test-method signature="postJira()[pri:0, instance:qaclickacademy.RESTAPITest@192c3f1e]" started-at="2021-02-11T13:05:10 CET" name="postJira" finished-at="2021-02-11T13:05:10 CET" duration-ms="0" status="PASS">
          <reporter-output>
          </reporter-output>
        </test-method> <!-- postJira -->
      </class> <!-- qaclickacademy.RESTAPITest -->
      <class name="qaclickacademy.SeleniumTest">
        <test-method signature="BrowserAUtomation()[pri:0, instance:qaclickacademy.SeleniumTest@1e178745]" started-at="2021-02-11T13:05:10 CET" name="BrowserAUtomation" finished-at="2021-02-11T13:05:10 CET" duration-ms="14" status="PASS">
          <reporter-output>
          </reporter-output>
        </test-method> <!-- BrowserAUtomation -->
        <test-method signature="elementsUi()[pri:0, instance:qaclickacademy.SeleniumTest@1e178745]" started-at="2021-02-11T13:05:10 CET" name="elementsUi" finished-at="2021-02-11T13:05:10 CET" duration-ms="0" status="PASS">
          <reporter-output>
          </reporter-output>
        </test-method> <!-- elementsUi -->
      </class> <!-- qaclickacademy.SeleniumTest -->
    </test> <!-- Test -->
  </suite> <!-- Suite -->
</testng-results>
