<?xml version="1.0" encoding="UTF-8"?>
<!-- Generated by org.testng.reporters.JUnitXMLReporter -->
<testsuite ignored="0" hostname="Maartens-MacBook-Pro.local" failures="0" tests="6" name="Test" time="0.082" errors="0" timestamp="2021-02-11T13:05:15 CET">
  <testcase classname="qaclickacademy.SeleniumTest" name="BrowserAUtomation" time="0.014"/>
  <testcase classname="qaclickacademy.SeleniumTest" name="elementsUi" time="0.0"/>
  <testcase classname="qaclickacademy.RESTAPITest" name="deleteTwitter" time="0.0"/>
  <testcase classname="qaclickacademy.RESTAPITest" name="postJira" time="0.0"/>
  <testcase classname="qaclickacademy.AppiumTest" name="IOSApps" time="0.0"/>
  <testcase classname="qaclickacademy.AppiumTest" name="NativeAPpAndroid" time="0.001"/>
</testsuite> <!-- Test -->
