<?xml version="1.0" encoding="UTF-8"?>
<!-- Generated by org.testng.reporters.JUnitXMLReporter -->
<testsuite ignored="0" hostname="Maartens-MacBook-Pro.local" failures="0" tests="3" name="TestHomePage" time="46.11" errors="0" timestamp="2021-03-01T00:25:34 CET">
  <testcase classname="academy.HomePage" name="basePageNavigation" time="11.932"/>
  <testcase classname="academy.HomePage" name="basePageNavigation" time="15.733"/>
  <testcase classname="academy.HomePage" name="basePageNavigation" time="15.948"/>
</testsuite> <!-- TestHomePage -->
